#
# A fatal error has been detected by the Java Runtime Environment:
#
#  SIGSEGV (0xb) at pc=0x0000000109429e61, pid=4478, tid=0x0000000000000a0b
#
# JRE version: Java(TM) SE Runtime Environment (8.0_101-b13) (build 1.8.0_101-b13)
# Java VM: Java HotSpot(TM) 64-Bit Server VM (25.101-b13 mixed mode bsd-amd64 compressed oops)
# Problematic frame:
# V  [libjvm.dylib+0x313e61]
#
# Failed to write core dump. Core dumps have been disabled. To enable core dumping, try "ulimit -c unlimited" before starting Java again
#
# If you would like to submit a bug report, please visit:
#   http://bugreport.java.com/bugreport/crash.jsp
#

---------------  T H R E A D  ---------------

Current thread (0x00007ff94b116800):  JavaThread "AppKit Thread" daemon [_thread_in_vm, id=2571, stack(0x00007fff56566000,0x00007fff56d66000)]

siginfo: si_signo: 11 (SIGSEGV), si_code: 1 (SEGV_MAPERR), si_addr: 0x0000000000000000

Registers:
RAX=0x00000001099f9e14, RBX=0x0000000000000000, RCX=0x0000000109935360, RDX=0x0000000000000000
RSP=0x00007fff56d629c0, RBP=0x00007fff56d62a10, RSI=0x0000000000000000, RDI=0x00007ff94b1169f8
R8 =0x00007ff94a60d6d0, R9 =0x00007ff94a60d6d0, R10=0x00007ff94a9e58e0, R11=0x00007fff78f458d8
R12=0x0000000000000000, R13=0x00007fff8a2864c0, R14=0x00007ff94b1169f8, R15=0x00007ff94b116800
RIP=0x0000000109429e61, EFLAGS=0x0000000000010202, ERR=0x0000000000000004
  TRAPNO=0x000000000000000e

Top of Stack: (sp=0x00007fff56d629c0)
0x00007fff56d629c0:   00007fff56d62a08 00007ff94b116800
0x00007fff56d629d0:   0000000000000000 00000001094391c4
0x00007fff56d629e0:   00007ff94a576c10 00007ff94b116800
0x00007fff56d629f0:   00007ff94b116800 00007ff94a576c10
0x00007fff56d62a00:   00007ff94a47f3d0 00007ff94b1169f8
0x00007fff56d62a10:   00007fff56d62a70 00000001246733a7
0x00007fff56d62a20:   00007fff56d62a50 00007fff943180c3
0x00007fff56d62a30:   0000000000000000 4000cccccccccccd
0x00007fff56d62a40:   40ff64362f37cb5a 0000000000000015
0x00007fff56d62a50:   0000000000000000 00007fff8a2864c0
0x00007fff56d62a60:   00007ff94a576c10 00007ff94a47fce0
0x00007fff56d62a70:   00007fff56d62ab0 00007fff8be42b15
0x00007fff56d62a80:   00007ff94a576c10 00007ff94a47fce0
0x00007fff56d62a90:   00000000000000f8 00007fff8a2864c0
0x00007fff56d62aa0:   00007ff94a576c10 0000000000000016
0x00007fff56d62ab0:   00007fff56d62af0 00007fff8b881539
0x00007fff56d62ac0:   000000004a47fce0 00007fff8a2864c0
0x00007fff56d62ad0:   00007ff94a576c10 00007ff94a636960
0x00007fff56d62ae0:   8b001026f3f857b5 0000000000001000
0x00007fff56d62af0:   00007fff56d62d40 00007fff8b801e7b
0x00007fff56d62b00:   000000f800000003 00007ff94a47fce0
0x00007fff56d62b10:   00007ff94a576c10 0000000000000016
0x00007fff56d62b20:   4077a00000000000 406fa00000000000
0x00007fff56d62b30:   000074f138a8d04b 0000128d00000100
0x00007fff56d62b40:   0000000000016e57 0000000000000000
0x00007fff56d62b50:   0000000400000000 0000000000000000
0x00007fff56d62b60:   0000000000000001 0000000100004dee
0x00007fff56d62b70:   000000000000117e 00016e570087d87d
0x00007fff56d62b80:   0000000000000000 000000000000fffc
0x00007fff56d62b90:   00000000fffb7fee ffffffd300000000
0x00007fff56d62ba0:   0000000000000000 0000000100000000
0x00007fff56d62bb0:   0000000200000000 0000000000000002 

Instructions: (pc=0x0000000109429e61)
0x0000000109429e41:   74 09 48 8d 7d b8 e8 d2 36 1a 00 4c 89 f7 48 89
0x0000000109429e51:   de 90 0f 1f 40 00 48 8d 05 b6 ff 5c 00 80 38 00
0x0000000109429e61:   48 8b 03 74 15 48 8d 15 43 6c 52 00 8a 4a 08 8b
0x0000000109429e71:   40 08 48 d3 e0 48 03 02 eb 04 48 8b 40 08 48 8b 

Register to memory mapping:

RAX=0x00000001099f9e14: UseCompressedClassPointers+0 in /Library/Java/JavaVirtualMachines/jdk1.8.0_101.jdk/Contents/Home/jre/lib/server/libjvm.dylib at 0x0000000109116000
RBX=0x0000000000000000 is an unknown value
RCX=0x0000000109935360: UseMembar+0 in /Library/Java/JavaVirtualMachines/jdk1.8.0_101.jdk/Contents/Home/jre/lib/server/libjvm.dylib at 0x0000000109116000
RDX=0x0000000000000000 is an unknown value
RSP=0x00007fff56d629c0 is pointing into the stack for thread: 0x00007ff94b116800
RBP=0x00007fff56d62a10 is pointing into the stack for thread: 0x00007ff94b116800
RSI=0x0000000000000000 is an unknown value
RDI=0x00007ff94b1169f8 is an unknown value
R8 =0x00007ff94a60d6d0 is an unknown value
R9 =0x00007ff94a60d6d0 is an unknown value
R10=0x00007ff94a9e58e0 is an unknown value
R11=0x00007fff78f458d8: OBJC_CLASS_$_NSEvent+0 in /System/Library/Frameworks/AppKit.framework/Versions/C/AppKit at 0x00007fff8b62c000
R12=0x0000000000000000 is an unknown value
R13=0x00007fff8a2864c0: objc_msgSend+0 in /usr/lib/libobjc.A.dylib at 0x00007fff8a285000
R14=0x00007ff94b1169f8 is an unknown value
R15=0x00007ff94b116800 is a thread


Stack: [0x00007fff56566000,0x00007fff56d66000],  sp=0x00007fff56d629c0,  free space=8178k
Native frames: (J=compiled Java code, j=interpreted, Vv=VM code, C=native code)
V  [libjvm.dylib+0x313e61]
C  [liblwjgl.dylib+0xb3a7]  -[MacOSXOpenGLView scrollWheel:]+0x77
C  [AppKit+0x816b15]  -[NSWindow _reallySendEvent:isDelayedEvent:]+0x83c
C  [AppKit+0x255539]  -[NSWindow sendEvent:]+0x205
C  [AppKit+0x1d5e7b]  -[NSApplication sendEvent:]+0xe2f
C  [libosxapp.dylib+0x232c]  -[NSApplicationAWT sendEvent:]+0x17a
C  [AppKit+0x3cdf2]  -[NSApplication run]+0x31c
C  [libosxapp.dylib+0x214d]  +[NSApplicationAWT runAWTLoopWithApp:]+0x9c
C  [libawt_lwawt.dylib+0x444b3]  -[AWTStarter starter:]+0x389
C  [Foundation+0x76fde]  __NSThreadPerformPerform+0x117
C  [CoreFoundation+0xaa7e1]  __CFRUNLOOP_IS_CALLING_OUT_TO_A_SOURCE0_PERFORM_FUNCTION__+0x11
C  [CoreFoundation+0x89f1c]  __CFRunLoopDoSources0+0x22c
C  [CoreFoundation+0x8943f]  __CFRunLoopRun+0x39f
C  [CoreFoundation+0x88e38]  CFRunLoopRunSpecific+0x128
C  [java+0x6465]  CreateExecutionEnvironment+0x367
C  [java+0x218c]  JLI_Launch+0x7a0
C  [java+0x84c2]  main+0x65
C  [java+0x19e4]  start+0x34
C  0x0000000000000005


---------------  P R O C E S S  ---------------

Java Threads: ( => current thread )
  0x00007ff94b153800 JavaThread "DestroyJavaVM" [_thread_blocked, id=5891, stack(0x000070000011a000,0x000070000021a000)]
  0x00007ff94b152800 JavaThread "LWJGL Application" [_thread_in_native, id=63747, stack(0x00007000013dc000,0x00007000014dc000)]
  0x00007ff94a965800 JavaThread "AWT-Shutdown" [_thread_blocked, id=28187, stack(0x0000700001150000,0x0000700001250000)]
=>0x00007ff94b116800 JavaThread "AppKit Thread" daemon [_thread_in_vm, id=2571, stack(0x00007fff56566000,0x00007fff56d66000)]
  0x00007ff94c03c800 JavaThread "Service Thread" daemon [_thread_blocked, id=18691, stack(0x0000700000e44000,0x0000700000f44000)]
  0x00007ff94b03e800 JavaThread "C1 CompilerThread2" daemon [_thread_blocked, id=18179, stack(0x0000700000d41000,0x0000700000e41000)]
  0x00007ff94b007000 JavaThread "C2 CompilerThread1" daemon [_thread_blocked, id=17667, stack(0x0000700000c3e000,0x0000700000d3e000)]
  0x00007ff94c011000 JavaThread "C2 CompilerThread0" daemon [_thread_blocked, id=17155, stack(0x0000700000b3b000,0x0000700000c3b000)]
  0x00007ff94c001000 JavaThread "Signal Dispatcher" daemon [_thread_blocked, id=12815, stack(0x0000700000a38000,0x0000700000b38000)]
  0x00007ff94b81d000 JavaThread "Finalizer" daemon [_thread_blocked, id=12291, stack(0x000070000082f000,0x000070000092f000)]
  0x00007ff94b81a800 JavaThread "Reference Handler" daemon [_thread_blocked, id=11779, stack(0x000070000072c000,0x000070000082c000)]

Other Threads:
  0x00007ff94b816000 VMThread [stack: 0x0000700000629000,0x0000700000729000] [id=11267]
  0x00007ff94b82b000 WatcherThread [stack: 0x0000700000f47000,0x0000700001047000] [id=19203]

VM state:not at safepoint (normal execution)

VM Mutex/Monitor currently owned by a thread: None

Heap:
 PSYoungGen      total 38400K, used 26918K [0x0000000795580000, 0x0000000798000000, 0x00000007c0000000)
  eden space 33280K, 80% used [0x0000000795580000,0x0000000796fc9b10,0x0000000797600000)
  from space 5120K, 0% used [0x0000000797b00000,0x0000000797b00000,0x0000000798000000)
  to   space 5120K, 0% used [0x0000000797600000,0x0000000797600000,0x0000000797b00000)
 ParOldGen       total 87552K, used 0K [0x0000000740000000, 0x0000000745580000, 0x0000000795580000)
  object space 87552K, 0% used [0x0000000740000000,0x0000000740000000,0x0000000745580000)
 Metaspace       used 9565K, capacity 9731K, committed 9984K, reserved 1058816K
  class space    used 935K, capacity 1016K, committed 1024K, reserved 1048576K

Card table byte_map: [0x0000000119dc0000,0x000000011a1c1000] byte_map_base: 0x00000001163c0000

Marking Bits: (ParMarkBitMap*) 0x0000000109a03d20
 Begin Bits: [0x000000011a46c000, 0x000000011c46c000)
 End Bits:   [0x000000011c46c000, 0x000000011e46c000)

Polling page: 0x000000010a0fa000

CodeCache: size=245760Kb used=4118Kb max_used=4129Kb free=241641Kb
 bounds [0x000000010aa00000, 0x000000010ae10000, 0x0000000119a00000]
 total_blobs=1628 nmethods=1114 adapters=428
 compilation: enabled

Compilation events (10 events):
Event: 2.185 Thread 0x00007ff94b03e800 1110       3       com.badlogic.gdx.graphics.Mesh::dispose (53 bytes)
Event: 2.186 Thread 0x00007ff94b03e800 nmethod 1110 0x000000010ae013d0 code [0x000000010ae01600, 0x000000010ae02228]
Event: 2.186 Thread 0x00007ff94b03e800 1113       3       com.badlogic.gdx.graphics.g3d.Model::dispose (37 bytes)
Event: 2.186 Thread 0x00007ff94b03e800 nmethod 1113 0x000000010ae02610 code [0x000000010ae02800, 0x000000010ae03058]
Event: 2.186 Thread 0x00007ff94b03e800 1112       3       com.badlogic.gdx.graphics.glutils.IndexBufferObject::dispose (36 bytes)
Event: 2.188 Thread 0x00007ff94c011000 nmethod 1109 0x000000010ae06290 code [0x000000010ae06400, 0x000000010ae066b8]
Event: 2.189 Thread 0x00007ff94b03e800 nmethod 1112 0x000000010ae03d10 code [0x000000010ae04000, 0x000000010ae05288]
Event: 2.189 Thread 0x00007ff94b03e800 1111       3       com.badlogic.gdx.graphics.glutils.VertexBufferObject::dispose (43 bytes)
Event: 2.192 Thread 0x00007ff94b03e800 nmethod 1111 0x000000010ae06950 code [0x000000010ae06c40, 0x000000010ae07f08]
Event: 2.192 Thread 0x00007ff94b007000 nmethod 1108 0x000000010ae0be50 code [0x000000010ae0bfe0, 0x000000010ae0c2a8]

GC Heap History (0 events):
No events

Deoptimization events (7 events):
Event: 0.181 Thread 0x00007ff94c002000 Uncommon trap: reason=unstable_if action=reinterpret pc=0x000000010ab3e2c0 method=java.lang.String.indexOf(II)I @ 49
Event: 0.717 Thread 0x00007ff94b152800 Uncommon trap: reason=unstable_if action=reinterpret pc=0x000000010abe0de0 method=java.lang.String.<init>([CII)V @ 18
Event: 0.759 Thread 0x00007ff94b152800 Uncommon trap: reason=unstable_if action=reinterpret pc=0x000000010ab954e8 method=java.lang.String.replace(CC)Ljava/lang/String; @ 26
Event: 0.994 Thread 0x00007ff94b152800 Uncommon trap: reason=array_check action=maybe_recompile pc=0x000000010ac84574 method=com.badlogic.gdx.utils.Array.add(Ljava/lang/Object;)V @ 46
Event: 0.995 Thread 0x00007ff94b152800 Uncommon trap: reason=array_check action=maybe_recompile pc=0x000000010ac84574 method=com.badlogic.gdx.utils.Array.add(Ljava/lang/Object;)V @ 46
Event: 0.995 Thread 0x00007ff94b152800 Uncommon trap: reason=array_check action=maybe_recompile pc=0x000000010ac84574 method=com.badlogic.gdx.utils.Array.add(Ljava/lang/Object;)V @ 46
Event: 0.997 Thread 0x00007ff94b152800 Uncommon trap: reason=array_check action=maybe_recompile pc=0x000000010ac84574 method=com.badlogic.gdx.utils.Array.add(Ljava/lang/Object;)V @ 46

Internal exceptions (10 events):
Event: 0.263 Thread 0x00007ff94c002000 Exception <a 'java/lang/NoSuchFieldError': method resolution failed> (0x00000007959d7748) thrown at [/HUDSON3/workspace/8-2-build-macosx-x86_64/jdk8u101/7261/hotspot/src/share/vm/prims/methodHandles.cpp, line 1146]
Event: 0.266 Thread 0x00007ff94c002000 Exception <a 'java/lang/NoSuchFieldError': method resolution failed> (0x00000007959e4e98) thrown at [/HUDSON3/workspace/8-2-build-macosx-x86_64/jdk8u101/7261/hotspot/src/share/vm/prims/methodHandles.cpp, line 1146]
Event: 0.439 Thread 0x00007ff94c002000 Exception <a 'java/io/FileNotFoundException'> (0x0000000795a5f8e8) thrown at [/HUDSON3/workspace/8-2-build-macosx-x86_64/jdk8u101/7261/hotspot/src/share/vm/prims/jni.cpp, line 709]
Event: 0.439 Thread 0x00007ff94c002000 Exception <a 'java/io/FileNotFoundException'> (0x0000000795a60450) thrown at [/HUDSON3/workspace/8-2-build-macosx-x86_64/jdk8u101/7261/hotspot/src/share/vm/prims/jni.cpp, line 709]
Event: 0.455 Thread 0x00007ff94c002000 Exception <a 'java/security/PrivilegedActionException'> (0x0000000795a74b58) thrown at [/HUDSON3/workspace/8-2-build-macosx-x86_64/jdk8u101/7261/hotspot/src/share/vm/prims/jvm.cpp, line 1386]
Event: 0.455 Thread 0x00007ff94c002000 Exception <a 'java/security/PrivilegedActionException'> (0x0000000795a76740) thrown at [/HUDSON3/workspace/8-2-build-macosx-x86_64/jdk8u101/7261/hotspot/src/share/vm/prims/jvm.cpp, line 1386]
Event: 0.456 Thread 0x00007ff94c002000 Exception <a 'java/security/PrivilegedActionException'> (0x0000000795a77860) thrown at [/HUDSON3/workspace/8-2-build-macosx-x86_64/jdk8u101/7261/hotspot/src/share/vm/prims/jvm.cpp, line 1386]
Event: 0.456 Thread 0x00007ff94c002000 Exception <a 'java/security/PrivilegedActionException'> (0x0000000795a7c980) thrown at [/HUDSON3/workspace/8-2-build-macosx-x86_64/jdk8u101/7261/hotspot/src/share/vm/prims/jvm.cpp, line 1386]
Event: 0.456 Thread 0x00007ff94c002000 Exception <a 'java/security/PrivilegedActionException'> (0x0000000795a7d5d8) thrown at [/HUDSON3/workspace/8-2-build-macosx-x86_64/jdk8u101/7261/hotspot/src/share/vm/prims/jvm.cpp, line 1386]
Event: 0.456 Thread 0x00007ff94c002000 Exception <a 'java/security/PrivilegedActionException'> (0x0000000795a7e200) thrown at [/HUDSON3/workspace/8-2-build-macosx-x86_64/jdk8u101/7261/hotspot/src/share/vm/prims/jvm.cpp, line 1386]

Events (10 events):
Event: 1.375 Thread 0x00007ff94b152800 DEOPT PACKING pc=0x000000010ad1e3d7 sp=0x00007000014db320
Event: 1.375 Thread 0x00007ff94b152800 DEOPT UNPACKING pc=0x000000010aa47633 sp=0x00007000014db080 mode 0
Event: 1.946 Thread 0x00007ff94b152800 DEOPT PACKING pc=0x000000010ad8f81e sp=0x00007000014db440
Event: 1.946 Thread 0x00007ff94b152800 DEOPT UNPACKING pc=0x000000010aa47633 sp=0x00007000014db1c0 mode 0
Event: 2.162 loading class com/badlogic/gdx/backends/lwjgl/LwjglInput$KeyEvent
Event: 2.162 loading class com/badlogic/gdx/backends/lwjgl/LwjglInput$KeyEvent done
Event: 2.162 loading class com/badlogic/gdx/backends/lwjgl/LwjglApplication$2
Event: 2.162 loading class com/badlogic/gdx/backends/lwjgl/LwjglApplication$2 done
Event: 2.223 loading class org/lwjgl/opengl/CallbackUtil
Event: 2.223 loading class org/lwjgl/opengl/CallbackUtil done


Dynamic libraries:
0x0000000007d8f000 	/System/Library/Frameworks/Cocoa.framework/Versions/A/Cocoa
0x0000000007d8f000 	/System/Library/Frameworks/Security.framework/Versions/A/Security
0x0000000007d8f000 	/System/Library/Frameworks/ApplicationServices.framework/Versions/A/ApplicationServices
0x0000000007d8f000 	/usr/lib/libz.1.dylib
0x0000000007d8f000 	/usr/lib/libSystem.B.dylib
0x0000000007d8f000 	/usr/lib/libobjc.A.dylib
0x0000000007d8f000 	/System/Library/Frameworks/CoreFoundation.framework/Versions/A/CoreFoundation
0x0000000007d8f000 	/System/Library/Frameworks/Foundation.framework/Versions/C/Foundation
0x0000000007d8f000 	/System/Library/Frameworks/AppKit.framework/Versions/C/AppKit
0x0000000007d8f000 	/System/Library/Frameworks/CoreData.framework/Versions/A/CoreData
0x0000000007d8f000 	/System/Library/PrivateFrameworks/RemoteViewServices.framework/Versions/A/RemoteViewServices
0x0000000007d8f000 	/System/Library/PrivateFrameworks/UIFoundation.framework/Versions/A/UIFoundation
0x0000000007d8f000 	/usr/lib/libScreenReader.dylib
0x0000000007d8f000 	/System/Library/Frameworks/Accelerate.framework/Versions/A/Accelerate
0x0000000007d8f000 	/System/Library/Frameworks/IOSurface.framework/Versions/A/IOSurface
0x0000000007d8f000 	/System/Library/Frameworks/AudioToolbox.framework/Versions/A/AudioToolbox
0x0000000007d8f000 	/System/Library/Frameworks/AudioUnit.framework/Versions/A/AudioUnit
0x0000000007d8f000 	/System/Library/PrivateFrameworks/DataDetectorsCore.framework/Versions/A/DataDetectorsCore
0x0000000007d8f000 	/System/Library/PrivateFrameworks/DesktopServicesPriv.framework/Versions/A/DesktopServicesPriv
0x0000000007d8f000 	/System/Library/Frameworks/Carbon.framework/Versions/A/Frameworks/HIToolbox.framework/Versions/A/HIToolbox
0x0000000007d8f000 	/System/Library/Frameworks/QuartzCore.framework/Versions/A/QuartzCore
0x0000000007d8f000 	/System/Library/Frameworks/Carbon.framework/Versions/A/Frameworks/SpeechRecognition.framework/Versions/A/SpeechRecognition
0x0000000007d8f000 	/usr/lib/libauto.dylib
0x0000000007d8f000 	/usr/lib/libicucore.A.dylib
0x0000000007d8f000 	/usr/lib/libxml2.2.dylib
0x0000000007d8f000 	/System/Library/PrivateFrameworks/CoreUI.framework/Versions/A/CoreUI
0x0000000007d8f000 	/System/Library/Frameworks/CoreAudio.framework/Versions/A/CoreAudio
0x0000000007d8f000 	/System/Library/Frameworks/DiskArbitration.framework/Versions/A/DiskArbitration
0x0000000007d8f000 	/usr/lib/liblangid.dylib
0x0000000007d8f000 	/System/Library/PrivateFrameworks/MultitouchSupport.framework/Versions/A/MultitouchSupport
0x0000000007d8f000 	/System/Library/Frameworks/IOKit.framework/Versions/A/IOKit
0x0000000007d8f000 	/usr/lib/libDiagnosticMessagesClient.dylib
0x0000000007d8f000 	/System/Library/Frameworks/CoreServices.framework/Versions/A/CoreServices
0x0000000007d8f000 	/System/Library/PrivateFrameworks/PerformanceAnalysis.framework/Versions/A/PerformanceAnalysis
0x0000000007d8f000 	/System/Library/PrivateFrameworks/GenerationalStorage.framework/Versions/A/GenerationalStorage
0x0000000007d8f000 	/System/Library/Frameworks/OpenGL.framework/Versions/A/OpenGL
0x0000000007d8f000 	/System/Library/PrivateFrameworks/Sharing.framework/Versions/A/Sharing
0x0000000007d8f000 	/System/Library/Frameworks/CoreGraphics.framework/Versions/A/CoreGraphics
0x0000000007d8f000 	/System/Library/Frameworks/CoreImage.framework/Versions/A/CoreImage
0x0000000007d8f000 	/System/Library/Frameworks/CoreText.framework/Versions/A/CoreText
0x0000000007d8f000 	/System/Library/Frameworks/ImageIO.framework/Versions/A/ImageIO
0x0000000007d8f000 	/System/Library/PrivateFrameworks/Backup.framework/Versions/A/Backup
0x0000000007d8f000 	/usr/lib/libextension.dylib
0x0000000007d8f000 	/usr/lib/libarchive.2.dylib
0x0000000007d8f000 	/System/Library/Frameworks/CFNetwork.framework/Versions/A/CFNetwork
0x0000000007d8f000 	/System/Library/Frameworks/SystemConfiguration.framework/Versions/A/SystemConfiguration
0x0000000007d8f000 	/usr/lib/libCRFSuite.dylib
0x0000000007d8f000 	/usr/lib/libc++.1.dylib
0x0000000007d8f000 	/usr/lib/libc++abi.dylib
0x0000000007d8f000 	/usr/lib/system/libcache.dylib
0x0000000007d8f000 	/usr/lib/system/libcommonCrypto.dylib
0x0000000007d8f000 	/usr/lib/system/libcompiler_rt.dylib
0x0000000007d8f000 	/usr/lib/system/libcopyfile.dylib
0x0000000007d8f000 	/usr/lib/system/libcorecrypto.dylib
0x0000000007d8f000 	/usr/lib/system/libdispatch.dylib
0x0000000007d8f000 	/usr/lib/system/libdyld.dylib
0x0000000007d8f000 	/usr/lib/system/libkeymgr.dylib
0x0000000007d8f000 	/usr/lib/system/liblaunch.dylib
0x0000000007d8f000 	/usr/lib/system/libmacho.dylib
0x0000000007d8f000 	/usr/lib/system/libquarantine.dylib
0x0000000007d8f000 	/usr/lib/system/libremovefile.dylib
0x0000000007d8f000 	/usr/lib/system/libsystem_asl.dylib
0x0000000007d8f000 	/usr/lib/system/libsystem_blocks.dylib
0x0000000007d8f000 	/usr/lib/system/libsystem_c.dylib
0x0000000007d8f000 	/usr/lib/system/libsystem_configuration.dylib
0x0000000007d8f000 	/usr/lib/system/libsystem_coreservices.dylib
0x0000000007d8f000 	/usr/lib/system/libsystem_coretls.dylib
0x0000000007d8f000 	/usr/lib/system/libsystem_dnssd.dylib
0x0000000007d8f000 	/usr/lib/system/libsystem_info.dylib
0x0000000007d8f000 	/usr/lib/system/libsystem_kernel.dylib
0x0000000007d8f000 	/usr/lib/system/libsystem_m.dylib
0x0000000007d8f000 	/usr/lib/system/libsystem_malloc.dylib
0x0000000007d8f000 	/usr/lib/system/libsystem_network.dylib
0x0000000007d8f000 	/usr/lib/system/libsystem_networkextension.dylib
0x0000000007d8f000 	/usr/lib/system/libsystem_notify.dylib
0x0000000007d8f000 	/usr/lib/system/libsystem_platform.dylib
0x0000000007d8f000 	/usr/lib/system/libsystem_pthread.dylib
0x0000000007d8f000 	/usr/lib/system/libsystem_sandbox.dylib
0x0000000007d8f000 	/usr/lib/system/libsystem_secinit.dylib
0x0000000007d8f000 	/usr/lib/system/libsystem_trace.dylib
0x0000000007d8f000 	/usr/lib/system/libunc.dylib
0x0000000007d8f000 	/usr/lib/system/libunwind.dylib
0x0000000007d8f000 	/usr/lib/system/libxpc.dylib
0x0000000007d8f000 	/usr/lib/libenergytrace.dylib
0x0000000007d8f000 	/usr/lib/libbsm.0.dylib
0x0000000007d8f000 	/usr/lib/system/libkxld.dylib
0x0000000007d8f000 	/usr/lib/libxar.1.dylib
0x0000000007d8f000 	/usr/lib/libsqlite3.dylib
0x0000000007d8f000 	/usr/lib/libpam.2.dylib
0x0000000007d8f000 	/usr/lib/libOpenScriptingUtil.dylib
0x0000000007d8f000 	/usr/lib/libbz2.1.0.dylib
0x0000000007d8f000 	/usr/lib/liblzma.5.dylib
0x0000000007d8f000 	/System/Library/Frameworks/CoreServices.framework/Versions/A/Frameworks/FSEvents.framework/Versions/A/FSEvents
0x0000000007d8f000 	/System/Library/Frameworks/CoreServices.framework/Versions/A/Frameworks/CarbonCore.framework/Versions/A/CarbonCore
0x0000000007d8f000 	/System/Library/Frameworks/CoreServices.framework/Versions/A/Frameworks/Metadata.framework/Versions/A/Metadata
0x0000000007d8f000 	/System/Library/Frameworks/CoreServices.framework/Versions/A/Frameworks/OSServices.framework/Versions/A/OSServices
0x0000000007d8f000 	/System/Library/Frameworks/CoreServices.framework/Versions/A/Frameworks/SearchKit.framework/Versions/A/SearchKit
0x0000000007d8f000 	/System/Library/Frameworks/CoreServices.framework/Versions/A/Frameworks/AE.framework/Versions/A/AE
0x0000000007d8f000 	/System/Library/Frameworks/CoreServices.framework/Versions/A/Frameworks/LaunchServices.framework/Versions/A/LaunchServices
0x0000000007d8f000 	/System/Library/Frameworks/CoreServices.framework/Versions/A/Frameworks/DictionaryServices.framework/Versions/A/DictionaryServices
0x0000000007d8f000 	/System/Library/Frameworks/CoreServices.framework/Versions/A/Frameworks/SharedFileList.framework/Versions/A/SharedFileList
0x0000000007d8f000 	/System/Library/Frameworks/NetFS.framework/Versions/A/NetFS
0x0000000007d8f000 	/System/Library/PrivateFrameworks/NetAuth.framework/Versions/A/NetAuth
0x0000000007d8f000 	/System/Library/PrivateFrameworks/login.framework/Versions/A/Frameworks/loginsupport.framework/Versions/A/loginsupport
0x0000000007d8f000 	/System/Library/PrivateFrameworks/TCC.framework/Versions/A/TCC
0x0000000007d8f000 	/usr/lib/libmecabra.dylib
0x0000000007d8f000 	/System/Library/Frameworks/ApplicationServices.framework/Versions/A/Frameworks/ATS.framework/Versions/A/ATS
0x0000000007d8f000 	/System/Library/Frameworks/ApplicationServices.framework/Versions/A/Frameworks/ColorSync.framework/Versions/A/ColorSync
0x0000000007d8f000 	/System/Library/Frameworks/ApplicationServices.framework/Versions/A/Frameworks/HIServices.framework/Versions/A/HIServices
0x0000000007d8f000 	/System/Library/Frameworks/ApplicationServices.framework/Versions/A/Frameworks/LangAnalysis.framework/Versions/A/LangAnalysis
0x0000000007d8f000 	/System/Library/Frameworks/ApplicationServices.framework/Versions/A/Frameworks/PrintCore.framework/Versions/A/PrintCore
0x0000000007d8f000 	/System/Library/Frameworks/ApplicationServices.framework/Versions/A/Frameworks/QD.framework/Versions/A/QD
0x0000000007d8f000 	/System/Library/Frameworks/ApplicationServices.framework/Versions/A/Frameworks/SpeechSynthesis.framework/Versions/A/SpeechSynthesis
0x0000000007d8f000 	/System/Library/Frameworks/Metal.framework/Versions/A/Metal
0x0000000007d8f000 	/System/Library/Frameworks/Accelerate.framework/Versions/A/Frameworks/vImage.framework/Versions/A/vImage
0x0000000007d8f000 	/System/Library/Frameworks/Accelerate.framework/Versions/A/Frameworks/vecLib.framework/Versions/A/vecLib
0x0000000007d8f000 	/System/Library/Frameworks/Accelerate.framework/Versions/A/Frameworks/vecLib.framework/Versions/A/libvDSP.dylib
0x0000000007d8f000 	/System/Library/Frameworks/Accelerate.framework/Versions/A/Frameworks/vecLib.framework/Versions/A/libvMisc.dylib
0x0000000007d8f000 	/System/Library/Frameworks/Accelerate.framework/Versions/A/Frameworks/vecLib.framework/Versions/A/libLAPACK.dylib
0x0000000007d8f000 	/System/Library/Frameworks/Accelerate.framework/Versions/A/Frameworks/vecLib.framework/Versions/A/libBLAS.dylib
0x0000000007d8f000 	/System/Library/Frameworks/Accelerate.framework/Versions/A/Frameworks/vecLib.framework/Versions/A/libLinearAlgebra.dylib
0x0000000007d8f000 	/System/Library/Frameworks/Accelerate.framework/Versions/A/Frameworks/vecLib.framework/Versions/A/libSparseBLAS.dylib
0x0000000007d8f000 	/System/Library/PrivateFrameworks/GPUCompiler.framework/libmetal_timestamp.dylib
0x0000000007d8f000 	/System/Library/Frameworks/OpenGL.framework/Versions/A/Libraries/libCoreFSCache.dylib
0x0000000007d8f000 	/System/Library/PrivateFrameworks/IOAccelerator.framework/Versions/A/IOAccelerator
0x0000000007d8f000 	/System/Library/Frameworks/ApplicationServices.framework/Versions/A/Frameworks/ATS.framework/Versions/A/Resources/libFontParser.dylib
0x0000000007d8f000 	/System/Library/Frameworks/ApplicationServices.framework/Versions/A/Frameworks/ATS.framework/Versions/A/Resources/libFontRegistry.dylib
0x0000000007d8f000 	/System/Library/PrivateFrameworks/AppleVPA.framework/Versions/A/AppleVPA
0x0000000007d8f000 	/System/Library/PrivateFrameworks/AppleJPEG.framework/Versions/A/AppleJPEG
0x0000000007d8f000 	/System/Library/Frameworks/ImageIO.framework/Versions/A/Resources/libJPEG.dylib
0x0000000007d8f000 	/System/Library/Frameworks/ImageIO.framework/Versions/A/Resources/libTIFF.dylib
0x0000000007d8f000 	/System/Library/Frameworks/ImageIO.framework/Versions/A/Resources/libPng.dylib
0x0000000007d8f000 	/System/Library/Frameworks/ImageIO.framework/Versions/A/Resources/libGIF.dylib
0x0000000007d8f000 	/System/Library/Frameworks/ImageIO.framework/Versions/A/Resources/libJP2.dylib
0x0000000007d8f000 	/System/Library/Frameworks/ImageIO.framework/Versions/A/Resources/libRadiance.dylib
0x0000000007d8f000 	/System/Library/Frameworks/CoreVideo.framework/Versions/A/CoreVideo
0x0000000007d8f000 	/System/Library/Frameworks/OpenGL.framework/Versions/A/Libraries/libGLU.dylib
0x0000000007d8f000 	/System/Library/Frameworks/OpenGL.framework/Versions/A/Libraries/libGFXShared.dylib
0x0000000007d8f000 	/System/Library/Frameworks/OpenGL.framework/Versions/A/Libraries/libGL.dylib
0x0000000007d8f000 	/System/Library/Frameworks/OpenGL.framework/Versions/A/Libraries/libGLImage.dylib
0x0000000007d8f000 	/System/Library/Frameworks/OpenGL.framework/Versions/A/Libraries/libCVMSPluginSupport.dylib
0x0000000007d8f000 	/System/Library/Frameworks/OpenGL.framework/Versions/A/Libraries/libCoreVMClient.dylib
0x0000000007d8f000 	/usr/lib/libcompression.dylib
0x0000000007d8f000 	/usr/lib/libcups.2.dylib
0x0000000007d8f000 	/System/Library/Frameworks/Kerberos.framework/Versions/A/Kerberos
0x0000000007d8f000 	/System/Library/Frameworks/GSS.framework/Versions/A/GSS
0x0000000007d8f000 	/usr/lib/libresolv.9.dylib
0x0000000007d8f000 	/usr/lib/libiconv.2.dylib
0x0000000007d8f000 	/System/Library/PrivateFrameworks/Heimdal.framework/Versions/A/Heimdal
0x0000000007d8f000 	/usr/lib/libheimdal-asn1.dylib
0x0000000007d8f000 	/System/Library/Frameworks/OpenDirectory.framework/Versions/A/OpenDirectory
0x0000000007d8f000 	/System/Library/PrivateFrameworks/CommonAuth.framework/Versions/A/CommonAuth
0x0000000007d8f000 	/System/Library/Frameworks/OpenDirectory.framework/Versions/A/Frameworks/CFOpenDirectory.framework/Versions/A/CFOpenDirectory
0x0000000007d8f000 	/System/Library/Frameworks/SecurityFoundation.framework/Versions/A/SecurityFoundation
0x0000000007d8f000 	/System/Library/PrivateFrameworks/LanguageModeling.framework/Versions/A/LanguageModeling
0x0000000007d8f000 	/usr/lib/libmarisa.dylib
0x0000000007d8f000 	/usr/lib/libChineseTokenizer.dylib
0x0000000007d8f000 	/usr/lib/libcmph.dylib
0x0000000007d8f000 	/System/Library/Frameworks/ServiceManagement.framework/Versions/A/ServiceManagement
0x0000000007d8f000 	/usr/lib/libxslt.1.dylib
0x0000000007d8f000 	/System/Library/Frameworks/Carbon.framework/Versions/A/Frameworks/Ink.framework/Versions/A/Ink
0x0000000007d8f000 	/usr/lib/libFosl_dynamic.dylib
0x0000000007d8f000 	/System/Library/PrivateFrameworks/FaceCore.framework/Versions/A/FaceCore
0x0000000007d8f000 	/System/Library/Frameworks/OpenCL.framework/Versions/A/OpenCL
0x0000000007d8f000 	/System/Library/PrivateFrameworks/CrashReporterSupport.framework/Versions/A/CrashReporterSupport
0x0000000007d8f000 	/System/Library/PrivateFrameworks/IconServices.framework/Versions/A/IconServices
0x0000000007d8f000 	/System/Library/PrivateFrameworks/Apple80211.framework/Versions/A/Apple80211
0x0000000007d8f000 	/System/Library/Frameworks/CoreWLAN.framework/Versions/A/CoreWLAN
0x0000000007d8f000 	/System/Library/Frameworks/IOBluetooth.framework/Versions/A/IOBluetooth
0x0000000007d8f000 	/System/Library/PrivateFrameworks/CoreWiFi.framework/Versions/A/CoreWiFi
0x0000000007d8f000 	/System/Library/Frameworks/CoreBluetooth.framework/Versions/A/CoreBluetooth
0x0000000007d8f000 	/System/Library/PrivateFrameworks/ChunkingLibrary.framework/Versions/A/ChunkingLibrary
0x0000000007d8f000 	/System/Library/PrivateFrameworks/DebugSymbols.framework/Versions/A/DebugSymbols
0x0000000007d8f000 	/System/Library/PrivateFrameworks/CoreSymbolication.framework/Versions/A/CoreSymbolication
0x0000000007d8f000 	/System/Library/PrivateFrameworks/Symbolication.framework/Versions/A/Symbolication
0x0000000007d8f000 	/System/Library/PrivateFrameworks/SpeechRecognitionCore.framework/Versions/A/SpeechRecognitionCore
0x0000000109116000 	/Library/Java/JavaVirtualMachines/jdk1.8.0_101.jdk/Contents/Home/jre/lib/server/libjvm.dylib
0x0000000007d8f000 	/usr/lib/libstdc++.6.dylib
0x000000010a0b7000 	/Library/Java/JavaVirtualMachines/jdk1.8.0_101.jdk/Contents/Home/jre/lib/libverify.dylib
0x000000010a0c5000 	/Library/Java/JavaVirtualMachines/jdk1.8.0_101.jdk/Contents/Home/jre/lib/libjava.dylib
0x000000010a104000 	/Library/Java/JavaVirtualMachines/jdk1.8.0_101.jdk/Contents/Home/jre/lib/libzip.dylib
0x0000000120278000 	/System/Library/Frameworks/JavaVM.framework/Frameworks/JavaRuntimeSupport.framework/JavaRuntimeSupport
0x0000000120293000 	/System/Library/Frameworks/JavaVM.framework/Versions/A/Frameworks/JavaNativeFoundation.framework/Versions/A/JavaNativeFoundation
0x00000001202a8000 	/System/Library/Frameworks/JavaVM.framework/Versions/A/JavaVM
0x0000000007d8f000 	/System/Library/Frameworks/Carbon.framework/Versions/A/Carbon
0x00000001202b5000 	/System/Library/PrivateFrameworks/JavaLaunching.framework/Versions/A/JavaLaunching
0x0000000007d8f000 	/System/Library/Frameworks/Carbon.framework/Versions/A/Frameworks/CommonPanels.framework/Versions/A/CommonPanels
0x0000000007d8f000 	/System/Library/Frameworks/Carbon.framework/Versions/A/Frameworks/Help.framework/Versions/A/Help
0x0000000007d8f000 	/System/Library/Frameworks/Carbon.framework/Versions/A/Frameworks/ImageCapture.framework/Versions/A/ImageCapture
0x0000000007d8f000 	/System/Library/Frameworks/Carbon.framework/Versions/A/Frameworks/OpenScripting.framework/Versions/A/OpenScripting
0x0000000007d8f000 	/System/Library/Frameworks/Carbon.framework/Versions/A/Frameworks/Print.framework/Versions/A/Print
0x0000000007d8f000 	/System/Library/Frameworks/Carbon.framework/Versions/A/Frameworks/SecurityHI.framework/Versions/A/SecurityHI
0x0000000121c14000 	/private/var/folders/qr/s8s528y941x84gb0st6jsljr0000gn/T/libgdxBenedikt/6e213a1/libgdx64.dylib
0x0000000121c5e000 	/Library/Java/JavaVirtualMachines/jdk1.8.0_101.jdk/Contents/Home/jre/lib/libawt.dylib
0x0000000121d06000 	/Library/Java/JavaVirtualMachines/jdk1.8.0_101.jdk/Contents/Home/jre/lib/./libmlib_image.dylib
0x0000000121dd2000 	/Library/Java/JavaVirtualMachines/jdk1.8.0_101.jdk/Contents/Home/jre/lib/libawt_lwawt.dylib
0x0000000121e87000 	/Library/Java/JavaVirtualMachines/jdk1.8.0_101.jdk/Contents/Home/jre/lib/./libosxapp.dylib
0x0000000007d8f000 	/System/Library/Frameworks/ExceptionHandling.framework/Versions/A/ExceptionHandling
0x0000000007d8f000 	/System/Library/PrivateFrameworks/CoreServicesInternal.framework/Versions/A/CoreServicesInternal
0x0000000007d8f000 	/System/Library/Frameworks/CoreGraphics.framework/Versions/A/Resources/libRIP.A.dylib
0x0000000007d8f000 	/System/Library/Frameworks/Accelerate.framework/Versions/A/Frameworks/vImage.framework/Versions/A/Libraries/libCGInterfaces.dylib
0x0000000007d8f000 	/System/Library/Frameworks/CoreGraphics.framework/Versions/A/Resources/libCGXType.A.dylib
0x0000000007d8f000 	/System/Library/Frameworks/OpenCL.framework/Versions/A/Libraries/libcldcpuengine.dylib
0x0000000007d8f000 	/System/Library/PrivateFrameworks/DiskImages.framework/Versions/A/DiskImages
0x0000000007d8f000 	/System/Library/Frameworks/DiscRecording.framework/Versions/A/DiscRecording
0x0000000007d8f000 	/usr/lib/libcsfde.dylib
0x0000000007d8f000 	/usr/lib/libcurl.4.dylib
0x0000000007d8f000 	/System/Library/PrivateFrameworks/MediaKit.framework/Versions/A/MediaKit
0x0000000007d8f000 	/System/Library/PrivateFrameworks/ProtectedCloudStorage.framework/Versions/A/ProtectedCloudStorage
0x0000000007d8f000 	/usr/lib/libCoreStorage.dylib
0x0000000007d8f000 	/System/Library/PrivateFrameworks/EFILogin.framework/Versions/A/EFILogin
0x0000000007d8f000 	/usr/lib/libutil.dylib
0x0000000007d8f000 	/System/Library/PrivateFrameworks/FindMyDevice.framework/Versions/A/FindMyDevice
0x0000000007d8f000 	/System/Library/Frameworks/LDAP.framework/Versions/A/LDAP
0x0000000007d8f000 	/usr/lib/libsasl2.2.dylib
0x0000000007d8f000 	/System/Library/PrivateFrameworks/CoreDaemon.framework/Versions/B/CoreDaemon
0x0000000007d8f000 	/usr/lib/libcrypto.0.9.8.dylib
0x0000000007d8f000 	/System/Library/PrivateFrameworks/AppleSRP.framework/Versions/A/AppleSRP
0x0000000007d8f000 	/System/Library/PrivateFrameworks/TrustEvaluationAgent.framework/Versions/A/TrustEvaluationAgent
0x00000001235e7000 	cl_kernels
0x0000000007d8f000 	/System/Library/Frameworks/OpenCL.framework/Versions/A/Libraries/ImageFormats/unorm8_bgra.dylib
0x0000000007d8f000 	/System/Library/Frameworks/OpenCL.framework/Versions/A/Libraries/ImageFormats/unorm8_rgba.dylib
0x0000000007d8f000 	/System/Library/PrivateFrameworks/FamilyControls.framework/Versions/A/FamilyControls
0x0000000007d8f000 	/System/Library/PrivateFrameworks/CommerceKit.framework/Versions/A/Frameworks/CommerceCore.framework/Versions/A/CommerceCore
0x0000000007d8f000 	/System/Library/PrivateFrameworks/SystemAdministration.framework/Versions/A/SystemAdministration
0x0000000007d8f000 	/System/Library/PrivateFrameworks/AppContainer.framework/Versions/A/AppContainer
0x0000000007d8f000 	/System/Library/PrivateFrameworks/SecCodeWrapper.framework/Versions/A/SecCodeWrapper
0x0000000007d8f000 	/System/Library/Frameworks/DirectoryService.framework/Versions/A/DirectoryService
0x0000000007d8f000 	/System/Library/PrivateFrameworks/LoginUIKit.framework/Versions/A/Frameworks/LoginUICore.framework/Versions/A/LoginUICore
0x0000000007d8f000 	/usr/lib/libodfde.dylib
0x0000000124601000 	/Library/Java/JavaVirtualMachines/jdk1.8.0_101.jdk/Contents/Home/jre/lib/libfontmanager.dylib
0x0000000124668000 	/private/var/folders/qr/s8s528y941x84gb0st6jsljr0000gn/T/libgdxBenedikt/f7649394/liblwjgl.dylib
0x0000000122ac2000 	/Library/Java/JavaVirtualMachines/jdk1.8.0_101.jdk/Contents/Home/jre/lib/libjawt.dylib
0x00000001246ea000 	/var/folders/qr/s8s528y941x84gb0st6jsljr0000gn/T/libgdxBenedikt/f7649394/openal.dylib
0x0000000124759000 	/System/Library/Components/CoreAudio.component/Contents/MacOS/CoreAudio
0x00000001235d9000 	/System/Library/Extensions/AppleHDA.kext/Contents/PlugIns/AppleHDAHALPlugIn.bundle/Contents/MacOS/AppleHDAHALPlugIn
0x0000000007d8f000 	/System/Library/Frameworks/OpenGL.framework/Versions/A/Resources/GLEngine.bundle/GLEngine
0x0000000007d8f000 	/System/Library/Frameworks/OpenGL.framework/Versions/A/Libraries/libGLProgrammability.dylib
0x000000012491f000 	/System/Library/Extensions/AppleIntelHD3000GraphicsGLDriver.bundle/Contents/MacOS/AppleIntelHD3000GraphicsGLDriver
0x0000000007d8f000 	/System/Library/PrivateFrameworks/GPUSupport.framework/Versions/A/Libraries/libGPUSupport.dylib
0x0000000007d8f000 	/System/Library/Frameworks/OpenGL.framework/Versions/A/Resources/GLRendererFloat.bundle/GLRendererFloat

VM Arguments:
jvm_args: -Dfile.encoding=UTF-8 
java_command: teamnine.blocksim.desktop.DesktopLauncher
java_class_path (initial): /Users/Martin/Documents/workspace/BlockSimulator/desktop/bin:/Users/Martin/.gradle/caches/modules-2/files-2.1/com.badlogicgames.gdx/gdx-backend-lwjgl/1.9.6/ee7c23636ee4a942d329579daecc3ec5e517fe4c/gdx-backend-lwjgl-1.9.6.jar:/Users/Martin/.gradle/caches/modules-2/files-2.1/com.badlogicgames.gdx/gdx-platform/1.9.6/6f84dd7a18dc68e4ec492dfbb0594f930babcf63/gdx-platform-1.9.6-natives-desktop.jar:/Users/Martin/.gradle/caches/modules-2/files-2.1/com.badlogicgames.gdx/gdx/1.9.6/47d1e9b890e364ec28f128e9bb3b9a12a94c164/gdx-1.9.6.jar:/Users/Martin/.gradle/caches/modules-2/files-2.1/org.lwjgl.lwjgl/lwjgl/2.9.2/a9d80fe5935c7a9149f6584d9777cfd471f65489/lwjgl-2.9.2.jar:/Users/Martin/.gradle/caches/modules-2/files-2.1/org.lwjgl.lwjgl/lwjgl_util/2.9.2/4b9e37300a87799856e0bd15ed81663cdb6b0947/lwjgl_util-2.9.2.jar:/Users/Martin/.gradle/caches/modules-2/files-2.1/com.badlogicgames.jlayer/jlayer/1.0.1-gdx/7cca83cec5c1b2f011362f4d85aabd71a73b049d/jlayer-1.0.1-gdx.jar:/Users/Martin/.gradle/caches/modules-2/files-2.1/org.jcraft/jorbis/0.0.17/8872d22b293e8f5d7d56ff92be966e6dc28ebdc6/jorbis-0.0.17.jar:/Users/Martin/.gradle/caches/modules-2/files-2.1/org.lwjgl.lwjgl/lwjgl-platform/2.9.2/510c7d317f5e9e700b9cfaac5fd38bdebf0702e0/lwjgl-platform-2.9.2-natives-windows.jar:/Users/Martin/.gradle/caches/modules-2/files-2.1/org.lwjgl.lwjgl/lwjgl-platform/2.9.2/d276cdf61fe2b516c7b7f4aa1b8dea91dbdc8d56/lwjgl-platform-2.9.2-natives-linux.jar:/Users/Martin/.gradle/caches/modules-2/files-2.1/org.lwjgl.lwjgl/lwjgl-platform/2.9.2/d55b46b40b40249d627a83a7f7f22649709d70c3/lwjgl-platform-2.9.2-natives-osx.jar:/Users/Martin/.gradle/caches/modules-2/files-2.1/net.java.jinput/jinput/2.0.5/39c7796b469a600f72380316f6b1f11db6c2c7c4/jinput-2.0.5.jar:/Users/Martin/.gradle/caches/modules-2/files-2.1/net.java.jutils/jutils/1.0.0/e12fe1fda814bd348c1579329c86943d2cd3c6a6/jutils-1.0.0.jar:/Users/Martin/.gradle/caches/modules-2/files-2.1/net.java.jinput/jinput-platform/2.0.5/7ff832a6eb9ab6a767f1
Launcher Type: SUN_STANDARD

Environment Variables:
PATH=/usr/bin:/bin:/usr/sbin:/sbin
SHELL=/bin/bash

Signal Handlers:
SIGSEGV: [libjvm.dylib+0x5af145], sa_mask[0]=11111111011111110111111111111111, sa_flags=SA_ONSTACK|SA_RESTART|SA_SIGINFO
SIGBUS: [libjvm.dylib+0x5af145], sa_mask[0]=11111111011111110111111111111111, sa_flags=SA_RESTART|SA_SIGINFO
SIGFPE: [libjvm.dylib+0x48694c], sa_mask[0]=11111111011111110111111111111111, sa_flags=SA_RESTART|SA_SIGINFO
SIGPIPE: [libjvm.dylib+0x48694c], sa_mask[0]=11111111011111110111111111111111, sa_flags=SA_RESTART|SA_SIGINFO
SIGXFSZ: [libjvm.dylib+0x48694c], sa_mask[0]=11111111011111110111111111111111, sa_flags=SA_RESTART|SA_SIGINFO
SIGILL: [libjvm.dylib+0x48694c], sa_mask[0]=11111111011111110111111111111111, sa_flags=SA_RESTART|SA_SIGINFO
SIGUSR1: SIG_DFL, sa_mask[0]=00000000000000000000000000000000, sa_flags=none
SIGUSR2: [libjvm.dylib+0x48646a], sa_mask[0]=00100000000000000000000000000000, sa_flags=SA_RESTART|SA_SIGINFO
SIGHUP: [libjvm.dylib+0x484a41], sa_mask[0]=11111111011111110111111111111111, sa_flags=SA_RESTART|SA_SIGINFO
SIGINT: [libjvm.dylib+0x484a41], sa_mask[0]=11111111011111110111111111111111, sa_flags=SA_RESTART|SA_SIGINFO
SIGTERM: [libjvm.dylib+0x484a41], sa_mask[0]=11111111011111110111111111111111, sa_flags=SA_RESTART|SA_SIGINFO
SIGQUIT: [libjvm.dylib+0x484a41], sa_mask[0]=11111111011111110111111111111111, sa_flags=SA_RESTART|SA_SIGINFO


---------------  S Y S T E M  ---------------

OS:Bsduname:Darwin 15.6.0 Darwin Kernel Version 15.6.0: Thu Sep  1 15:01:16 PDT 2016; root:xnu-3248.60.11~2/RELEASE_X86_64 x86_64
rlimit: STACK 8192k, CORE 0k, NPROC 709, NOFILE 10240, AS infinity
load average:1.45 1.80 1.92

CPU:total 4 (2 cores per cpu, 2 threads per core) family 6 model 42 stepping 7, cmov, cx8, fxsr, mmx, sse, sse2, sse3, ssse3, sse4.1, sse4.2, popcnt, avx, aes, clmul, ht, tsc, tscinvbit

Memory: 4k page, physical 8388608k(156736k free)

/proc/meminfo:


vm_info: Java HotSpot(TM) 64-Bit Server VM (25.101-b13) for bsd-amd64 JRE (1.8.0_101-b13), built on Jun 22 2016 02:42:15 by "java_re" with gcc 4.2.1 (Based on Apple Inc. build 5658) (LLVM build 2336.11.00)

time: Thu Mar 23 11:04:19 2017
elapsed time: 2 seconds (0d 0h 0m 2s)

